<?xml version="1.0" encoding="UTF-8"?>
<!-- Generated by org.testng.reporters.JUnitXMLReporter -->
<testsuite ignored="6" hostname="DESKTOP-QS1767H" failures="1" tests="5" name="Default test" time="44.021" errors="0" timestamp="2024-04-08T14:30:32 IST">
  <testcase classname="TestResult.PracticePageTest" name="uisngDataProvider" time="29.202"/>
  <testcase classname="TestResult.PracticePageTest" name="uisngDataProvider" time="2.782"/>
  <testcase classname="TestResult.PracticePageTest" name="uisngDataProvider" time="2.994"/>
  <testcase classname="TestResult.PracticePageTest" name="uisngDataProvider" time="2.463"/>
  <testcase classname="TestResult.PracticePageTest" name="uisngDataProvider" time="0.995">
    <failure type="java.lang.IllegalArgumentException" message="Keys to send should be a not null CharSequence">
      <![CDATA[java.lang.IllegalArgumentException: Keys to send should be a not null CharSequence
at org.openqa.selenium.remote.RemoteWebElement.sendKeys(RemoteWebElement.java:97)
at jdk.internal.reflect.GeneratedMethodAccessor1.invoke(Unknown Source)
at java.base/jdk.internal.reflect.DelegatingMethodAccessorImpl.invoke(DelegatingMethodAccessorImpl.java:43)
at java.base/java.lang.reflect.Method.invoke(Method.java:568)
at org.openqa.selenium.support.pagefactory.internal.LocatingElementHandler.invoke(LocatingElementHandler.java:51)
at jdk.proxy2/jdk.proxy2.$Proxy14.sendKeys(Unknown Source)
at com.trail.proj.pages.PracticePage.byDataProvider(PracticePage.java:75)
at TestResult.PracticePageTest.uisngDataProvider(PracticePageTest.java:111)
at java.base/jdk.internal.reflect.NativeMethodAccessorImpl.invoke0(Native Method)
at java.base/jdk.internal.reflect.NativeMethodAccessorImpl.invoke(NativeMethodAccessorImpl.java:77)
at java.base/jdk.internal.reflect.DelegatingMethodAccessorImpl.invoke(DelegatingMethodAccessorImpl.java:43)
at java.base/java.lang.reflect.Method.invoke(Method.java:568)
at org.testng.internal.invokers.MethodInvocationHelper.invokeMethod(MethodInvocationHelper.java:139)
at org.testng.internal.invokers.TestInvoker.invokeMethod(TestInvoker.java:664)
at org.testng.internal.invokers.TestInvoker.invokeTestMethod(TestInvoker.java:227)
at org.testng.internal.invokers.MethodRunner.runInSequence(MethodRunner.java:50)
at org.testng.internal.invokers.TestInvoker$MethodInvocationAgent.invoke(TestInvoker.java:957)
at org.testng.internal.invokers.TestInvoker.invokeTestMethods(TestInvoker.java:200)
at org.testng.internal.invokers.TestMethodWorker.invokeTestMethods(TestMethodWorker.java:148)
at org.testng.internal.invokers.TestMethodWorker.run(TestMethodWorker.java:128)
at java.base/java.util.ArrayList.forEach(ArrayList.java:1511)
at org.testng.TestRunner.privateRun(TestRunner.java:848)
at org.testng.TestRunner.run(TestRunner.java:621)
at org.testng.SuiteRunner.runTest(SuiteRunner.java:443)
at org.testng.SuiteRunner.runSequentially(SuiteRunner.java:437)
at org.testng.SuiteRunner.privateRun(SuiteRunner.java:397)
at org.testng.SuiteRunner.run(SuiteRunner.java:336)
at org.testng.SuiteRunnerWorker.runSuite(SuiteRunnerWorker.java:52)
at org.testng.SuiteRunnerWorker.run(SuiteRunnerWorker.java:95)
at org.testng.TestNG.runSuitesSequentially(TestNG.java:1280)
at org.testng.TestNG.runSuitesLocally(TestNG.java:1200)
at org.testng.TestNG.runSuites(TestNG.java:1114)
at org.testng.TestNG.run(TestNG.java:1082)
at org.testng.remote.AbstractRemoteTestNG.run(AbstractRemoteTestNG.java:115)
at org.testng.remote.RemoteTestNG.initAndRun(RemoteTestNG.java:251)
at org.testng.remote.RemoteTestNG.main(RemoteTestNG.java:77)
]]>
    </failure>
  </testcase> <!-- uisngDataProvider -->
  <testcase classname="TestResult.PracticePageTest" name="validateTextBox" time="0.0">
    <ignored/>
  </testcase> <!-- validateTextBox -->
  <testcase classname="TestResult.PracticePageTest" name="SelectGender" time="0.0">
    <ignored/>
  </testcase> <!-- SelectGender -->
  <testcase classname="TestResult.PracticePageTest" name="WindowHandleTest" time="0.0">
    <ignored/>
  </testcase> <!-- WindowHandleTest -->
  <testcase classname="TestResult.PracticePageTest" name="SelectDD" time="0.0">
    <ignored/>
  </testcase> <!-- SelectDD -->
  <testcase classname="TestResult.PracticePageTest" name="checkMultipleWindows" time="0.0">
    <ignored/>
  </testcase> <!-- checkMultipleWindows -->
  <testcase classname="TestResult.PracticePageTest" name="validateByParameters" time="0.0">
    <ignored/>
  </testcase> <!-- validateByParameters -->
</testsuite> <!-- Default test -->
