<?xml version="1.0" encoding="UTF-8"?>
<!-- Generated by org.testng.reporters.JUnitXMLReporter -->
<testsuite ignored="8" hostname="DESKTOP-QS1767H" failures="0" tests="2" name="Login Test" time="23.72" errors="0" timestamp="2024-02-27T16:12:19 IST">
  <testcase classname="TestResult.LoginPageTest" name="amazonDropdown" time="2.932"/>
  <testcase classname="TestResult.LoginPageTest" name="s" time="15.354"/>
  <testcase classname="TestResult.LoginPageTest" name="validateTitle" time="0.0">
    <ignored/>
  </testcase> <!-- validateTitle -->
  <testcase classname="TestResult.LoginPageTest" name="checkTable" time="0.0">
    <ignored/>
  </testcase> <!-- checkTable -->
  <testcase classname="TestResult.LoginPageTest" name="vcheckInvalidLogin" time="0.0">
    <ignored/>
  </testcase> <!-- vcheckInvalidLogin -->
  <testcase classname="TestResult.LoginPageTest" name="mytrip" time="0.0">
    <ignored/>
  </testcase> <!-- mytrip -->
  <testcase classname="TestResult.LoginPageTest" name="validateLogin" time="0.0">
    <ignored/>
  </testcase> <!-- validateLogin -->
  <testcase classname="TestResult.LoginPageTest" name="validateCurrentUrl" time="0.0">
    <ignored/>
  </testcase> <!-- validateCurrentUrl -->
  <testcase classname="TestResult.LoginPageTest" name="voidDtable" time="0.0">
    <ignored/>
  </testcase> <!-- voidDtable -->
  <testcase classname="TestResult.LoginPageTest" name="wiki" time="0.0">
    <ignored/>
  </testcase> <!-- wiki -->
</testsuite> <!-- Login Test -->
